{
"F:\\Development\\Projects\\WebstormProjects\\test-grunt-yo\\app\\scripts\\app.js":{"path":"F:\\Development\\Projects\\WebstormProjects\\test-grunt-yo\\app\\scripts\\app.js","s":{"1":1,"2":2},"b":{},"f":{"1":2},"fnMap":{"1":{"name":"(anonymous_1)","line":20,"loc":{"start":{"line":20,"column":10},"end":{"line":20,"column":36}}}},"statementMap":{"1":{"start":{"line":11,"column":0},"end":{"line":35,"column":5}},"2":{"start":{"line":21,"column":4},"end":{"line":34,"column":9}}},"branchMap":{},"l":{"11":1,"21":2}},
"F:\\Development\\Projects\\WebstormProjects\\test-grunt-yo\\app\\scripts\\controllers\\about.js":{"path":"F:\\Development\\Projects\\WebstormProjects\\test-grunt-yo\\app\\scripts\\controllers\\about.js","s":{"1":1,"2":1},"b":{},"f":{"1":1},"fnMap":{"1":{"name":"(anonymous_1)","line":11,"loc":{"start":{"line":11,"column":27},"end":{"line":11,"column":39}}}},"statementMap":{"1":{"start":{"line":10,"column":0},"end":{"line":17,"column":5}},"2":{"start":{"line":12,"column":4},"end":{"line":16,"column":6}}},"branchMap":{},"l":{"10":1,"12":1}},
"F:\\Development\\Projects\\WebstormProjects\\test-grunt-yo\\app\\scripts\\controllers\\main.js":{"path":"F:\\Development\\Projects\\WebstormProjects\\test-grunt-yo\\app\\scripts\\controllers\\main.js","s":{"1":1,"2":1},"b":{},"f":{"1":1},"fnMap":{"1":{"name":"(anonymous_1)","line":11,"loc":{"start":{"line":11,"column":26},"end":{"line":11,"column":38}}}},"statementMap":{"1":{"start":{"line":10,"column":0},"end":{"line":17,"column":5}},"2":{"start":{"line":12,"column":4},"end":{"line":16,"column":6}}},"branchMap":{},"l":{"10":1,"12":1}}}
